This is LuaHBTeX, Version 1.14.0 (MiKTeX 22.1) (format=lualatex 2023.4.5)  31 MAY 2023 10:38
 system commands enabled.
 file:line:error style messages enabled.
**c:/Users/Aurelio/Desktop/Aure/cnnfs/NumberRecognition/teoria/V2
(c:/Users/Aurelio/Desktop/Aure/cnnfs/NumberRecognition/teoria/V2.tex
LaTeX2e <2021-11-15> patch level 1
Lua module: luaotfload 2021-05-21 3.18 Lua based OpenType font support
Lua module: lualibs 2021-05-20 2.74 ConTeXt Lua standard libraries.
Lua module: lualibs-extended 2021-05-20 2.74 ConTeXt Lua libraries -- extended c
ollection.
luaotfload | conf : Root cache directory is "C:/Users/Aurelio/AppData/Local/MiKT
eX/luatex-cache/generic/names".
luaotfload | init : Loading fontloader "fontloader-2021-05-20.lua" from kpse-res
olved path "C:/Users/Aurelio/AppData/Local/Programs/MiKTeX/tex/luatex/luaotfload
/fontloader-2021-05-20.lua".
Lua-only attribute luaotfload@noligature = 1
Lua-only attribute luaotfload@syllabe = 2
luaotfload | init : Context OpenType loader version 3.116
Inserting `luaotfload.node_processor' at position 1 in `pre_linebreak_filter'.
Inserting `luaotfload.node_processor' at position 1 in `hpack_filter'.
Inserting `luaotfload.glyph_stream' at position 1 in `glyph_stream_provider'.
Inserting `luaotfload.define_font' at position 1 in `define_font'.
Lua-only attribute luaotfload_color_attribute = 3
luaotfload | conf : Root cache directory is "C:/Users/Aurelio/AppData/Local/MiKT
eX/luatex-cache/generic/names".
Inserting `luaotfload.harf.strip_prefix' at position 1 in `find_opentype_file'.
Inserting `luaotfload.harf.strip_prefix' at position 1 in `find_truetype_file'.
Inserting `luaotfload.harf.finalize_vlist' at position 1 in `post_linebreak_filt
er'.
Inserting `luaotfload.harf.finalize_hlist' at position 2 in `hpack_filter'.
Inserting `luaotfload.cleanup_files' at position 1 in `wrapup_run'.
Inserting `luaotfload.harf.finalize_unicode' at position 1 in `finish_pdffile'.
Inserting `luaotfload.glyphinfo' at position 1 in `glyph_info'.
Lua-only attribute luaotfload.letterspace_done = 4
Inserting `luaotfload.aux.set_sscale_dimens' at position 1 in `luaotfload.patch_
font'.
Inserting `luaotfload.aux.set_font_index' at position 2 in `luaotfload.patch_fon
t'.
Inserting `luaotfload.aux.patch_cambria_domh' at position 3 in `luaotfload.patch
_font'.
Inserting `luaotfload.aux.fixup_fontdata' at position 1 in `luaotfload.patch_fon
t_unsafe'.
Inserting `luaotfload.aux.set_capheight' at position 4 in `luaotfload.patch_font
'.
Inserting `luaotfload.aux.set_xheight' at position 5 in `luaotfload.patch_font'.
Inserting `luaotfload.rewrite_fontname' at position 6 in `luaotfload.patch_font'
. L3 programming layer <2022-02-05>
Inserting `tracingstacklevels' at position 1 in `input_level_string'.
(C:/Users/Aurelio/AppData/Local/Programs/MiKTeX/tex/latex/base/article.cls
Document Class: article 2021/10/04 v1.4n Standard LaTeX document class
(C:/Users/Aurelio/AppData/Local/Programs/MiKTeX/tex/latex/base/size10.clo
File: size10.clo 2021/10/04 v1.4n Standard LaTeX file (size option)
luaotfload | db : Font names database loaded from C:/Users/Aurelio/AppData/Local
/MiKTeX/luatex-cache/generic/names/luaotfload-names.luc)
\c@part=\count183
\c@section=\count184
\c@subsection=\count185
\c@subsubsection=\count186
\c@paragraph=\count187
\c@subparagraph=\count188
\c@figure=\count189
\c@table=\count190
\abovecaptionskip=\skip47
\belowcaptionskip=\skip48
\bibindent=\dimen137
)
(C:/Users/Aurelio/AppData/Local/Programs/MiKTeX/tex/generic/iftex/ifxetex.sty
Package: ifxetex 2019/10/25 v0.7 ifxetex legacy package. Use iftex instead.

(C:/Users/Aurelio/AppData/Local/Programs/MiKTeX/tex/generic/iftex/iftex.sty
Package: iftex 2022/02/03 v1.0f TeX engine tests
))
(C:/Users/Aurelio/AppData/Local/Programs/MiKTeX/tex/generic/iftex/ifluatex.sty
Package: ifluatex 2019/10/25 v1.5 ifluatex legacy package. Use iftex instead.
)
(C:/Users/Aurelio/AppData/Local/Programs/MiKTeX/tex/latex/fontspec/fontspec.sty

(C:/Users/Aurelio/AppData/Local/Programs/MiKTeX/tex/latex/l3packages/xparse/xpa
rse.sty
(C:/Users/Aurelio/AppData/Local/Programs/MiKTeX/tex/latex/l3kernel/expl3.sty
Package: expl3 2022-02-05 L3 programming layer (loader) 

(C:/Users/Aurelio/AppData/Local/Programs/MiKTeX/tex/latex/l3backend/l3backend-l
uatex.def
File: l3backend-luatex.def 2022-02-07 L3 backend support: PDF output (LuaTeX)
\l__color_backend_stack_int=\count191
\l__pdf_internal_box=\box50
))
Package: xparse 2022-01-12 L3 Experimental document command parser
)
Package: fontspec 2022/01/15 v2.8a Font selection for XeLaTeX and LuaLaTeX
Lua module: fontspec 2022/01/15 2.8a Font selection for XeLaTeX and LuaLaTeX
(C:/Users/Aurelio/AppData/Local/Programs/MiKTeX/tex/latex/fontspec/fontspec-lua
tex.sty
Package: fontspec-luatex 2022/01/15 v2.8a Font selection for XeLaTeX and LuaLaT
eX
\l__fontspec_script_int=\count192
\l__fontspec_language_int=\count193
\l__fontspec_strnum_int=\count194
\l__fontspec_tmp_int=\count195
\l__fontspec_tmpa_int=\count196
\l__fontspec_tmpb_int=\count197
\l__fontspec_tmpc_int=\count198
\l__fontspec_em_int=\count199
\l__fontspec_emdef_int=\count266
\l__fontspec_strong_int=\count267
\l__fontspec_strongdef_int=\count268
\l__fontspec_tmpa_dim=\dimen138
\l__fontspec_tmpb_dim=\dimen139
\l__fontspec_tmpc_dim=\dimen140

(C:/Users/Aurelio/AppData/Local/Programs/MiKTeX/tex/latex/base/fontenc.sty
Package: fontenc 2021/04/29 v2.0v Standard LaTeX package
)
(C:/Users/Aurelio/AppData/Local/Programs/MiKTeX/tex/latex/fontspec/fontspec.cfg
)))
(C:/Users/Aurelio/AppData/Local/Programs/MiKTeX/tex/latex/hyperref/hyperref.sty
Package: hyperref 2021-06-07 v7.00m Hypertext links for LaTeX

(C:/Users/Aurelio/AppData/Local/Programs/MiKTeX/tex/generic/ltxcmds/ltxcmds.sty
Package: ltxcmds 2020-05-10 v1.25 LaTeX kernel commands for general use (HO)
)
(C:/Users/Aurelio/AppData/Local/Programs/MiKTeX/tex/generic/pdftexcmds/pdftexcm
ds.sty
Package: pdftexcmds 2020-06-27 v0.33 Utility functions of pdfTeX for LuaTeX (HO
)

(C:/Users/Aurelio/AppData/Local/Programs/MiKTeX/tex/generic/infwarerr/infwarerr
.sty
Package: infwarerr 2019/12/03 v1.5 Providing info/warning/error messages (HO)
)
Package pdftexcmds Info: \pdf@primitive is available.
Package pdftexcmds Info: \pdf@ifprimitive is available.
Package pdftexcmds Info: \pdfdraftmode found.
\pdftexcmds@toks=\toks16
)
(C:/Users/Aurelio/AppData/Local/Programs/MiKTeX/tex/latex/graphics/keyval.sty
Package: keyval 2014/10/28 v1.15 key=value parser (DPC)
\KV@toks@=\toks17
)
(C:/Users/Aurelio/AppData/Local/Programs/MiKTeX/tex/generic/kvsetkeys/kvsetkeys
.sty
Package: kvsetkeys 2019/12/15 v1.18 Key value parser (HO)
)
(C:/Users/Aurelio/AppData/Local/Programs/MiKTeX/tex/generic/kvdefinekeys/kvdefi
nekeys.sty
Package: kvdefinekeys 2019-12-19 v1.6 Define keys (HO)
)
(C:/Users/Aurelio/AppData/Local/Programs/MiKTeX/tex/generic/pdfescape/pdfescape
.sty
Package: pdfescape 2019/12/09 v1.15 Implements pdfTeX's escape features (HO)
)
(C:/Users/Aurelio/AppData/Local/Programs/MiKTeX/tex/latex/hycolor/hycolor.sty
Package: hycolor 2020-01-27 v1.10 Color options for hyperref/bookmark (HO)
)
(C:/Users/Aurelio/AppData/Local/Programs/MiKTeX/tex/latex/letltxmacro/letltxmac
ro.sty
Package: letltxmacro 2019/12/03 v1.6 Let assignment for LaTeX macros (HO)
)
(C:/Users/Aurelio/AppData/Local/Programs/MiKTeX/tex/latex/auxhook/auxhook.sty
Package: auxhook 2019-12-17 v1.6 Hooks for auxiliary files (HO)
)
(C:/Users/Aurelio/AppData/Local/Programs/MiKTeX/tex/latex/kvoptions/kvoptions.s
ty
Package: kvoptions 2020-10-07 v3.14 Key value format for package options (HO)
)
\@linkdim=\dimen141
\Hy@linkcounter=\count269
\Hy@pagecounter=\count270

(C:/Users/Aurelio/AppData/Local/Programs/MiKTeX/tex/latex/hyperref/pd1enc.def
File: pd1enc.def 2021-06-07 v7.00m Hyperref: PDFDocEncoding definition (HO)
)
(C:/Users/Aurelio/AppData/Local/Programs/MiKTeX/tex/latex/hyperref/hyperref-lan
gpatches.def
File: hyperref-langpatches.def 2021-06-07 v7.00m Hyperref: patches for babel la
nguages
)
(C:/Users/Aurelio/AppData/Local/Programs/MiKTeX/tex/generic/intcalc/intcalc.sty
Package: intcalc 2019/12/15 v1.3 Expandable calculations with integers (HO)
)
(C:/Users/Aurelio/AppData/Local/Programs/MiKTeX/tex/generic/etexcmds/etexcmds.s
ty
Package: etexcmds 2019/12/15 v1.7 Avoid name clashes with e-TeX commands (HO)
)
\Hy@SavedSpaceFactor=\count271

(C:/Users/Aurelio/AppData/Local/Programs/MiKTeX/tex/latex/hyperref/puenc.def
File: puenc.def 2021-06-07 v7.00m Hyperref: PDF Unicode definition (HO)
)
Package hyperref Info: Hyper figures OFF on input line 4192.
Package hyperref Info: Link nesting OFF on input line 4197.
Package hyperref Info: Hyper index ON on input line 4200.
Package hyperref Info: Plain pages OFF on input line 4207.
Package hyperref Info: Backreferencing OFF on input line 4212.
Package hyperref Info: Implicit mode ON; LaTeX internals redefined.
Package hyperref Info: Bookmarks ON on input line 4445.
\c@Hy@tempcnt=\count272

(C:/Users/Aurelio/AppData/Local/Programs/MiKTeX/tex/latex/url/url.sty
\Urlmuskip=\muskip16
Package: url 2013/09/16  ver 3.4  Verb mode for urls, etc.
)
LaTeX Info: Redefining \url on input line 4804.
\XeTeXLinkMargin=\dimen142

(C:/Users/Aurelio/AppData/Local/Programs/MiKTeX/tex/generic/bitset/bitset.sty
Package: bitset 2019/12/09 v1.3 Handle bit-vector datatype (HO)

(C:/Users/Aurelio/AppData/Local/Programs/MiKTeX/tex/generic/bigintcalc/bigintca
lc.sty
Package: bigintcalc 2019/12/15 v1.5 Expandable calculations on big integers (HO
)
))
\Fld@menulength=\count273
\Field@Width=\dimen143
\Fld@charsize=\dimen144
Package hyperref Info: Hyper figures OFF on input line 6076.
Package hyperref Info: Link nesting OFF on input line 6081.
Package hyperref Info: Hyper index ON on input line 6084.
Package hyperref Info: backreferencing OFF on input line 6091.
Package hyperref Info: Link coloring OFF on input line 6096.
Package hyperref Info: Link coloring with OCG OFF on input line 6101.
Package hyperref Info: PDF/A mode OFF on input line 6106.
LaTeX Info: Redefining \ref on input line 6146.
LaTeX Info: Redefining \pageref on input line 6150.

(C:/Users/Aurelio/AppData/Local/Programs/MiKTeX/tex/latex/base/atbegshi-ltx.sty
Package: atbegshi-ltx 2021/01/10 v1.0c Emulation of the original atbegshi
package with kernel methods
)
\Hy@abspage=\count274
\c@Item=\count275
\c@Hfootnote=\count276
)
Package hyperref Info: Driver (autodetected): hluatex.

(C:/Users/Aurelio/AppData/Local/Programs/MiKTeX/tex/latex/hyperref/hluatex.def
File: hluatex.def 2021-06-07 v7.00m Hyperref driver for luaTeX

(C:/Users/Aurelio/AppData/Local/Programs/MiKTeX/tex/generic/stringenc/stringenc
.sty
Package: stringenc 2019/11/29 v1.12 Convert strings between diff. encodings (HO
)
)
(C:/Users/Aurelio/AppData/Local/Programs/MiKTeX/tex/latex/base/atveryend-ltx.st
y
Package: atveryend-ltx 2020/08/19 v1.0a Emulation of the original atveryend pac
kage
with kernel methods
)
\Fld@listcount=\count277
\c@bookmark@seq@number=\count278

(C:/Users/Aurelio/AppData/Local/Programs/MiKTeX/tex/latex/rerunfilecheck/rerunf
ilecheck.sty
Package: rerunfilecheck 2019/12/05 v1.9 Rerun checks for auxiliary files (HO)

(C:/Users/Aurelio/AppData/Local/Programs/MiKTeX/tex/generic/uniquecounter/uniqu
ecounter.sty
Package: uniquecounter 2019/12/15 v1.4 Provide unlimited unique counter (HO)
)
Package uniquecounter Info: New unique counter `rerunfilecheck' on input line 2
86.
)
\Hy@SectionHShift=\skip49
)
(C:/Users/Aurelio/AppData/Local/Programs/MiKTeX/tex/latex/amsmath/amsmath.sty
Package: amsmath 2021/10/15 v2.17l AMS math features
\@mathmargin=\skip50

For additional information on amsmath, use the `?' option.
(C:/Users/Aurelio/AppData/Local/Programs/MiKTeX/tex/latex/amsmath/amstext.sty
Package: amstext 2021/08/26 v2.01 AMS text

(C:/Users/Aurelio/AppData/Local/Programs/MiKTeX/tex/latex/amsmath/amsgen.sty
File: amsgen.sty 1999/11/30 v2.0 generic functions
\@emptytoks=\toks18
\ex@=\dimen145
))
(C:/Users/Aurelio/AppData/Local/Programs/MiKTeX/tex/latex/amsmath/amsbsy.sty
Package: amsbsy 1999/11/29 v1.2d Bold Symbols
\pmbraise@=\dimen146
)
(C:/Users/Aurelio/AppData/Local/Programs/MiKTeX/tex/latex/amsmath/amsopn.sty
Package: amsopn 2021/08/26 v2.02 operator names
)
\inf@bad=\count279
LaTeX Info: Redefining \frac on input line 236.
\uproot@=\count280
\leftroot@=\count281
LaTeX Info: Redefining \overline on input line 399.
\classnum@=\count282
\DOTSCASE@=\count283
LaTeX Info: Redefining \ldots on input line 496.
LaTeX Info: Redefining \dots on input line 499.
LaTeX Info: Redefining \cdots on input line 620.
\Mathstrutbox@=\box51
\strutbox@=\box52
\big@size=\dimen147
LaTeX Font Info:    Redeclaring font encoding OML on input line 743.
LaTeX Font Info:    Redeclaring font encoding OMS on input line 744.
\macc@depth=\count284
\c@MaxMatrixCols=\count285
\dotsspace@=\muskip17
\c@parentequation=\count286
\dspbrk@lvl=\count287
\tag@help=\toks19
\row@=\count288
\column@=\count289
\maxfields@=\count290
\andhelp@=\toks20
\eqnshift@=\dimen148
\alignsep@=\dimen149
\tagshift@=\dimen150
\tagwidth@=\dimen151
\totwidth@=\dimen152
\lineht@=\dimen153
\@envbody=\toks21
\multlinegap=\skip51
\multlinetaggap=\skip52
\mathdisplay@stack=\toks22
LaTeX Info: Redefining \[ on input line 2938.
LaTeX Info: Redefining \] on input line 2939.
)
(C:/Users/Aurelio/AppData/Local/Programs/MiKTeX/tex/latex/comment/comment.sty
\CommentStream=\write3

Excluding comment 'comment')
(C:/Users/Aurelio/AppData/Local/Programs/MiKTeX/tex/latex/graphics/color.sty
Package: color 2021/12/07 v1.3c Standard LaTeX Color (DPC)

(C:/Users/Aurelio/AppData/Local/Programs/MiKTeX/tex/latex/graphics-cfg/color.cf
g
File: color.cfg 2016/01/02 v1.6 sample color configuration
)
Package color Info: Driver file: luatex.def on input line 149.

(C:/Users/Aurelio/AppData/Local/Programs/MiKTeX/tex/latex/graphics-def/luatex.d
ef
File: luatex.def 2021/06/01 v1.2c Graphics/color driver for luatex
))
(C:/Users/Aurelio/AppData/Local/Programs/MiKTeX/tex/latex/graphics/graphicx.sty
Package: graphicx 2021/09/16 v1.2d Enhanced LaTeX Graphics (DPC,SPQR)

(C:/Users/Aurelio/AppData/Local/Programs/MiKTeX/tex/latex/graphics/graphics.sty
Package: graphics 2021/03/04 v1.4d Standard LaTeX Graphics (DPC,SPQR)
(C:/Users/Aurelio/AppData/Local/Programs/MiKTeX/tex/latex/graphics/trig.sty
Package: trig 2021/08/11 v1.11 sin cos tan (DPC)
)
(C:/Users/Aurelio/AppData/Local/Programs/MiKTeX/tex/latex/graphics-cfg/graphics
.cfg
File: graphics.cfg 2016/06/04 v1.11 sample graphics configuration
)
Package graphics Info: Driver file: luatex.def on input line 107.
)
\Gin@req@height=\dimen154
\Gin@req@width=\dimen155
)
(C:/Users/Aurelio/AppData/Local/Programs/MiKTeX/tex/latex/amsfonts/amsfonts.sty
Package: amsfonts 2013/01/14 v3.01 Basic AMSFonts support
\symAMSa=\mathgroup4
\symAMSb=\mathgroup5
LaTeX Font Info:    Redeclaring math symbol \hbar on input line 98.
LaTeX Font Info:    Overwriting math alphabet `\mathfrak' in version `bold'
(Font)                  U/euf/m/n --> U/euf/b/n on input line 106.
) (C:/Users/Aurelio/AppData/Local/Programs/MiKTeX/tex/latex/movie15/movie15.sty
Package: movie15 2012/05/16
(C:/Users/Aurelio/AppData/Local/Programs/MiKTeX/tex/latex/base/ifthen.sty
Package: ifthen 2020/11/24 v1.1c Standard LaTeX ifthen package (DPC)
)
(C:/Users/Aurelio/AppData/Local/Programs/MiKTeX/tex/generic/iftex/ifpdf.sty
Package: ifpdf 2019/10/25 v3.4 ifpdf legacy package. Use iftex instead.
)
(C:/Users/Aurelio/AppData/Local/Programs/MiKTeX/tex/latex/oberdiek/ifdraft.sty
Package: ifdraft 2016/05/16 v1.4 Detect class options draft and final (HO)
)
C:/Users/Aurelio/AppData/Local/Programs/MiKTeX/tex/latex/movie15/movie15.sty:58
: Undefined control sequence.
l.58  \ifnum\pdftexversion
                        <120
The control sequence at the end of the top line
of your error message was never \def'ed. If you have
misspelled it (e.g., `\hobx'), type `I' and the correct
spelling (e.g., `I\hbox'). Otherwise just continue,
and I'll forget about whatever was undefined.

C:/Users/Aurelio/AppData/Local/Programs/MiKTeX/tex/latex/movie15/movie15.sty:58
: Missing number, treated as zero.
<to be read again> 
<
l.58  \ifnum\pdftexversion<
                         120
A number should have been here; I inserted `0'.
(If you can't figure out why I needed to see a number,
look up `weird error' in the index to The TeXbook.)


C:/Users/Aurelio/AppData/Local/Programs/MiKTeX/tex/latex/movie15/movie15.sty:63
: Package movie15 Error: pdfeTeX, version >= 1.20, required .

See the movie15 package documentation for explanation.
Type  H <return>  for immediate help.
 ...                                              
                                                  
l.63    }
       %
Install a more recent version! 


(C:/Users/Aurelio/AppData/Local/Programs/MiKTeX/tex/latex/everyshi/everyshi.sty
Package: everyshi 2020/11/18 v4.00 EveryShipout Package
)
\@MXV@page=\count291
\@MXV@adict=\count292
\@MXV@aadict=\count293
\@MXV@includes=\count294
\@MXV@players=\count295
\@MXV@links=\count296
\@MXV@width=\dimen156
\@MXV@height=\dimen157
\@MXV@depth=\dimen158
\@MXV@totalheight=\dimen159
\@MXV@@boxdepth=\dimen160
\@MXV@traiselen=\dimen161
\@MXV@braiselen=\dimen162
\@MXV@start=\dimen163
\@MXV@end=\dimen164
\@MXV@textbox=\box53
) (c:/Users/Aurelio/Desktop/Aure/cnnfs/NumberRecognition/teoria/build/V2.aux)
\openout1 = V2.aux

LaTeX Font Info:    Checking defaults for OML/cmm/m/it on input line 39.
LaTeX Font Info:    ... okay on input line 39.
LaTeX Font Info:    Checking defaults for OMS/cmsy/m/n on input line 39.
LaTeX Font Info:    ... okay on input line 39.
LaTeX Font Info:    Checking defaults for OT1/cmr/m/n on input line 39.
LaTeX Font Info:    ... okay on input line 39.
LaTeX Font Info:    Checking defaults for T1/cmr/m/n on input line 39.
LaTeX Font Info:    ... okay on input line 39.
LaTeX Font Info:    Checking defaults for TS1/cmr/m/n on input line 39.
LaTeX Font Info:    Trying to load font information for TS1+cmr on input line 3
9.

(C:/Users/Aurelio/AppData/Local/Programs/MiKTeX/tex/latex/base/ts1cmr.fd
File: ts1cmr.fd 2019/12/16 v2.5j Standard LaTeX font definitions
)
LaTeX Font Info:    ... okay on input line 39.
LaTeX Font Info:    Checking defaults for TU/lmr/m/n on input line 39.
LaTeX Font Info:    ... okay on input line 39.
LaTeX Font Info:    Checking defaults for OMX/cmex/m/n on input line 39.
LaTeX Font Info:    ... okay on input line 39.
LaTeX Font Info:    Checking defaults for U/cmr/m/n on input line 39.
LaTeX Font Info:    ... okay on input line 39.
LaTeX Font Info:    Checking defaults for PD1/pdf/m/n on input line 39.
LaTeX Font Info:    ... okay on input line 39.
LaTeX Font Info:    Checking defaults for PU/pdf/m/n on input line 39.
LaTeX Font Info:    ... okay on input line 39.

Package fontspec Info: Adjusting the maths setup (use [no-math] to avoid
(fontspec)             this).

\symlegacymaths=\mathgroup6
LaTeX Font Info:    Overwriting symbol font `legacymaths' in version `bold'
(Font)                  OT1/cmr/m/n --> OT1/cmr/bx/n on input line 39.
LaTeX Font Info:    Redeclaring math accent \acute on input line 39.
LaTeX Font Info:    Redeclaring math accent \grave on input line 39.
LaTeX Font Info:    Redeclaring math accent \ddot on input line 39.
LaTeX Font Info:    Redeclaring math accent \tilde on input line 39.
LaTeX Font Info:    Redeclaring math accent \bar on input line 39.
LaTeX Font Info:    Redeclaring math accent \breve on input line 39.
LaTeX Font Info:    Redeclaring math accent \check on input line 39.
LaTeX Font Info:    Redeclaring math accent \hat on input line 39.
LaTeX Font Info:    Redeclaring math accent \dot on input line 39.
LaTeX Font Info:    Redeclaring math accent \mathring on input line 39.
LaTeX Font Info:    Redeclaring math symbol \Gamma on input line 39.
LaTeX Font Info:    Redeclaring math symbol \Delta on input line 39.
LaTeX Font Info:    Redeclaring math symbol \Theta on input line 39.
LaTeX Font Info:    Redeclaring math symbol \Lambda on input line 39.
LaTeX Font Info:    Redeclaring math symbol \Xi on input line 39.
LaTeX Font Info:    Redeclaring math symbol \Pi on input line 39.
LaTeX Font Info:    Redeclaring math symbol \Sigma on input line 39.
LaTeX Font Info:    Redeclaring math symbol \Upsilon on input line 39.
LaTeX Font Info:    Redeclaring math symbol \Phi on input line 39.
LaTeX Font Info:    Redeclaring math symbol \Psi on input line 39.
LaTeX Font Info:    Redeclaring math symbol \Omega on input line 39.
LaTeX Font Info:    Redeclaring math symbol \mathdollar on input line 39.
LaTeX Font Info:    Redeclaring symbol font `operators' on input line 39.
LaTeX Font Info:    Encoding `OT1' has changed to `TU' for symbol font
(Font)              `operators' in the math version `normal' on input line 39.
LaTeX Font Info:    Overwriting symbol font `operators' in version `normal'
(Font)                  OT1/cmr/m/n --> TU/lmr/m/n on input line 39.
LaTeX Font Info:    Encoding `OT1' has changed to `TU' for symbol font
(Font)              `operators' in the math version `bold' on input line 39.
LaTeX Font Info:    Overwriting symbol font `operators' in version `bold'
(Font)                  OT1/cmr/bx/n --> TU/lmr/m/n on input line 39.
LaTeX Font Info:    Overwriting symbol font `operators' in version `normal'
(Font)                  TU/lmr/m/n --> TU/lmr/m/n on input line 39.
LaTeX Font Info:    Overwriting math alphabet `\mathit' in version `normal'
(Font)                  OT1/cmr/m/it --> TU/lmr/m/it on input line 39.
LaTeX Font Info:    Overwriting math alphabet `\mathbf' in version `normal'
(Font)                  OT1/cmr/bx/n --> TU/lmr/b/n on input line 39.
LaTeX Font Info:    Overwriting math alphabet `\mathsf' in version `normal'
(Font)                  OT1/cmss/m/n --> TU/lmss/m/n on input line 39.
LaTeX Font Info:    Overwriting math alphabet `\mathtt' in version `normal'
(Font)                  OT1/cmtt/m/n --> TU/lmtt/m/n on input line 39.
LaTeX Font Info:    Overwriting symbol font `operators' in version `bold'
(Font)                  TU/lmr/m/n --> TU/lmr/b/n on input line 39.
LaTeX Font Info:    Overwriting math alphabet `\mathit' in version `bold'
(Font)                  OT1/cmr/bx/it --> TU/lmr/b/it on input line 39.
LaTeX Font Info:    Overwriting math alphabet `\mathsf' in version `bold'
(Font)                  OT1/cmss/bx/n --> TU/lmss/b/n on input line 39.
LaTeX Font Info:    Overwriting math alphabet `\mathtt' in version `bold'
(Font)                  OT1/cmtt/m/n --> TU/lmtt/b/n on input line 39.
Package hyperref Info: Link coloring OFF on input line 39.

(C:/Users/Aurelio/AppData/Local/Programs/MiKTeX/tex/latex/hyperref/nameref.sty
Package: nameref 2021-04-02 v2.47 Cross-referencing by name of section

(C:/Users/Aurelio/AppData/Local/Programs/MiKTeX/tex/latex/refcount/refcount.sty
Package: refcount 2019/12/15 v3.6 Data extraction from label references (HO)
)
(C:/Users/Aurelio/AppData/Local/Programs/MiKTeX/tex/generic/gettitlestring/gett
itlestring.sty
Package: gettitlestring 2019/12/15 v1.6 Cleanup title references (HO)
)
\c@section@level=\count297
)
LaTeX Info: Redefining \ref on input line 39.
LaTeX Info: Redefining \pageref on input line 39.
LaTeX Info: Redefining \nameref on input line 39.

(c:/Users/Aurelio/Desktop/Aure/cnnfs/NumberRecognition/teoria/build/V2.out)
(c:/Users/Aurelio/Desktop/Aure/cnnfs/NumberRecognition/teoria/build/V2.out)
\@outlinefile=\write4

\openout4 = V2.out

(C:/Users/Aurelio/AppData/Local/Programs/MiKTeX/tex/context/base/mkii/supp-pdf.
mkii
[Loading MPS to PDF converter (version 2006.09.02).]
\scratchcounter=\count298
\scratchdimen=\dimen165
\scratchbox=\box54
\nofMPsegments=\count299
\nofMParguments=\count300
\everyMPshowfont=\toks23
\MPscratchCnt=\count301
\MPscratchDim=\dimen166
\MPnumerator=\count302
\makeMPintoPDFobject=\count303
\everyMPtoPDFconversion=\toks24
)
(C:/Users/Aurelio/AppData/Local/Programs/MiKTeX/tex/latex/epstopdf-pkg/epstopdf
-base.sty
Package: epstopdf-base 2020-01-24 v2.11 Base part for package epstopdf
Package epstopdf-base Info: Redefining graphics rule for `.eps' on input line 4
85.

(C:/Users/Aurelio/AppData/Local/Programs/MiKTeX/tex/latex/00miktex/epstopdf-sys
.cfg
File: epstopdf-sys.cfg 2021/03/18 v2.0 Configuration of epstopdf for MiKTeX
))
LaTeX Font Info:    Trying to load font information for U+msa on input line 41.


(C:/Users/Aurelio/AppData/Local/Programs/MiKTeX/tex/latex/amsfonts/umsa.fd
File: umsa.fd 2013/01/14 v3.01 AMS symbols A
)
LaTeX Font Info:    Trying to load font information for U+msb on input line 41.


(C:/Users/Aurelio/AppData/Local/Programs/MiKTeX/tex/latex/amsfonts/umsb.fd
File: umsb.fd 2013/01/14 v3.01 AMS symbols B
)
Underfull \hbox (badness 10000) in paragraph at lines 67--68

 []


Underfull \hbox (badness 10000) in paragraph at lines 72--73

 []

[1

{C:/Users/Aurelio/AppData/Local/MiKTeX/fonts/map/pdftex/pdftex.map}]
Underfull \hbox (badness 10000) in paragraph at lines 89--90

 []


Underfull \hbox (badness 10000) in paragraph at lines 91--92

 []


Underfull \hbox (badness 10000) in paragraph at lines 93--94

 []


Underfull \hbox (badness 10000) in paragraph at lines 97--99

 []

<imagenes/XOR.png, id=164, 233.87375pt x 216.81pt>
File: imagenes/XOR.png Graphic file (type png)
<use imagenes/XOR.png>
Package luatex.def Info: imagenes/XOR.png  used on input line 103.
(luatex.def)             Requested size: 113.81102pt x 105.5067pt.
<imagenes/NAND.png, id=165, 250.9375pt x 104.39pt>
File: imagenes/NAND.png Graphic file (type png)
<use imagenes/NAND.png>
Package luatex.def Info: imagenes/NAND.png  used on input line 114.
(luatex.def)             Requested size: 113.81102pt x 47.34619pt.
[2<./imagenes/XOR.png>]
Underfull \hbox (badness 10000) in paragraph at lines 147--148

 []


Underfull \hbox (badness 10000) in paragraph at lines 149--150

 []

[3<./imagenes/NAND.png>]
Underfull \hbox (badness 10000) in paragraph at lines 156--156
[][][][]$\TU/lmtt/m/n/8 https://datascience.stackexchange.com/questions/23183/
 []


Underfull \hbox (badness 10000) in paragraph at lines 156--157

 []


Overfull \hbox (63.21613pt too wide) in paragraph at lines 158--158
[][][][]$\TU/lmtt/m/n/8 https://stats.stackexchange.com/questions/154798/differe
nce-[]between-[]kernel-[]and-[]filter-[]in-[]cnn$[]| 
 []


Underfull \hbox (badness 10000) in paragraph at lines 158--159

 []


Underfull \hbox (badness 10000) in paragraph at lines 202--203

 []

[4]
Overfull \hbox (84.74413pt too wide) in paragraph at lines 207--207
[][][]\TU/lmr/m/n/8 In-spi-rado en []$\TU/lmtt/m/n/8 https://ichi.pro/es/matemat
icas-[]de-[]las-[]redes-[]neuronales-[]convolucionales-[]30697178023872$[]
 []


Overfull \hbox (106.64012pt too wide) in paragraph at lines 207--207
[] []$\TU/lmtt/m/n/8 https://towardsdatascience.com/convolutional-[]neural-[]net
works-[]mathematics-[]1beb3e6447c0$[]| 
 []


Underfull \hbox (badness 10000) in paragraph at lines 220--221

 []


Underfull \hbox (badness 10000) in paragraph at lines 228--229

 []


Overfull \hbox (136.43214pt too wide) in paragraph at lines 244--244
[][][][]$\TU/lmtt/m/n/8 https://www.aprendemachinelearning.com/como-[]funcionan-
[]las-[]convolutional-[]neural-[]networks-[]vision-[]por-[]ordenador/$[]| 
 []


Underfull \hbox (badness 10000) in paragraph at lines 244--245

 []

[5]
Overfull \hbox (136.43214pt too wide) in paragraph at lines 246--246
[][][][]$\TU/lmtt/m/n/8 https://www.aprendemachinelearning.com/como-[]funcionan-
[]las-[]convolutional-[]neural-[]networks-[]vision-[]por-[]ordenador/$[]| 
 []


Underfull \hbox (badness 10000) in paragraph at lines 246--247

 []


Overfull \hbox (26.23212pt too wide) in paragraph at lines 248--248
[][][][]$\TU/lmtt/m/n/8 https://www.youtube.com/watch?v=HEH1clGg8o8&list=PLdxQ7S
oCLQANQ9fQcJ0wnnTzkFsJHlWEj&
 []


Underfull \hbox (badness 10000) in paragraph at lines 248--249

 []


Overfull \hbox (26.23212pt too wide) in paragraph at lines 250--250
[][][][]$\TU/lmtt/m/n/8 https://www.youtube.com/watch?v=S5MwKyYYLSM&list=PLdxQ7S
oCLQANQ9fQcJ0wnnTzkFsJHlWEj&
 []


Overfull \hbox (26.23212pt too wide) in paragraph at lines 253--253
[][][][]$\TU/lmtt/m/n/8 https://www.youtube.com/watch?v=HEH1clGg8o8&list=PLdxQ7S
oCLQANQ9fQcJ0wnnTzkFsJHlWEj&
 []


Underfull \hbox (badness 10000) in paragraph at lines 253--254

 []


Overfull \hbox (160.75pt too wide) in paragraph at lines 259--260
[][]$\TU/lmtt/m/n/10 https://indoml.com/2018/03/07/student-[]notes-[]convolution
al-[]neural-[]networks-[]cnn-[]introduction/$[]
 []


Overfull \hbox (278.24997pt too wide) in paragraph at lines 263--264
[][]$\TU/lmtt/m/n/10 https://www.aprendemachinelearning.com/como-[]funcionan-[]
las-[]convolutional-[]neural-[]networks-[]vision-[]por-[]ordenador/$[] 
 []


Overfull \hbox (79.99997pt too wide) in paragraph at lines 264--265
[][]$\TU/lmtt/m/n/10 https://www.youtube.com/playlist?list=PLv8Cp2NvcY8DpVcsmOT7
1kymgMmcr59Mf$[]
 []

[6]
Overfull \hbox (97.24997pt too wide) in paragraph at lines 265--266
[][]$\TU/lmtt/m/n/10 https://bootcampai.medium.com/redes-[]neuronales-[]convoluc
ionales-[]5e0ce960caf8$[] 
 []


Overfull \hbox (18.72pt too wide) in paragraph at lines 268--269
[][]$\TU/lmtt/m/n/10 https://www.youtube.com/watch?v=ysqpl6w6Wzg$[] \TU/lmr/m/n
/10 - dotcsv (VISTO, TODO)
 []


Overfull \hbox (16.27pt too wide) in paragraph at lines 269--270
[][]$\TU/lmtt/m/n/10 https://www.youtube.com/watch?v=_fDvfGxwW20$[] \TU/lmr/m/n
/10 - sen-sio (VISTO, TODO)
 []


Overfull \hbox (8.8pt too wide) in paragraph at lines 270--271
[][]$\TU/lmtt/m/n/10 https://www.youtube.com/watch?v=AwTH_0yW9_I$[] \TU/lmr/m/n
/10 - Ringa Tech (HE-CHO) 
 []


Overfull \hbox (96.25pt too wide) in paragraph at lines 273--274
[][]$\TU/lmtt/m/n/10 https://stackoverflow.com/questions/67409505/python-[]2d-[
]convolution-[]optimization$[]
 []


Overfull \hbox (116.25pt too wide) in paragraph at lines 274--275
[][]$\TU/lmtt/m/n/10 https://www.youtube.com/watch?v=OYXkoZXEZc4&list=PLkgbkukKg
_Nr-[]CAmU1yGbhJ8UELVDJ07I$[]
 []


Overfull \hbox (136.43214pt too wide) in paragraph at lines 280--280
[][][][]$\TU/lmtt/m/n/8 https://www.aprendemachinelearning.com/como-[]funcionan-
[]las-[]convolutional-[]neural-[]networks-[]vision-[]por-[]ordenador/$[]| 
 []


Underfull \hbox (badness 10000) in paragraph at lines 280--281

 []


Underfull \hbox (badness 10000) in paragraph at lines 282--283

 []

[7]
Underfull \hbox (badness 10000) in paragraph at lines 290--291

 []


Underfull \hbox (badness 10000) in paragraph at lines 292--293

 []


Overfull \hbox (202.65216pt too wide) in paragraph at lines 297--297
[][][][]$\TU/lmtt/m/n/8 https://machinelearningmastery.com/a-[]gentle-[]introduc
tion-[]to-[]channels-[]first-[]and-[]channels-[]last-[]image-[]formats-[]for-[]
deep-[]learning$[]| 
 []


Underfull \hbox (badness 10000) in paragraph at lines 297--298

 []


Overfull \hbox (202.15216pt too wide) in paragraph at lines 304--304
[][][][]$\TU/lmtt/m/n/8 https://stackoverflow.com/questions/43829711/what-[]is-[]the-[]correct-[]way-[]to-[]change-[]image-[]channel-[]ordering-[]between-[]channels-[]first$[]| 
 []


Underfull \hbox (badness 10000) in paragraph at lines 310--311

 []


Overfull \hbox (136.43214pt too wide) in paragraph at lines 312--312
[][][][]$\TU/lmtt/m/n/8 https://ai.stackexchange.com/questions/8323/how-[]to-[]
handle-[]rectangular-[]images-[]in-[]convolutional-[]neural-[]networks$[]| 
 []

[8] [9]
Underfull \hbox (badness 10000) in paragraph at lines 353--354

 []


Underfull \hbox (badness 10000) in paragraph at lines 356--357

 []


Underfull \hbox (badness 10000) in paragraph at lines 359--360

 []


Underfull \hbox (badness 10000) in paragraph at lines 362--363

 []


Overfull \hbox (1.05202pt too wide) in paragraph at lines 365--366
[]\TU/lmr/m/n/10 De-spués de AlexNet, se de-sar-rol-laron muchas ar-qui-tec-tur
as más grandes y sofisti-
 []

[10]
Underfull \hbox (badness 10000) in paragraph at lines 375--376

 []


Package movie15 Warning: @@@@@@@@@@@@@@@@@@@@@@@@@@@@@@@@@@@@@@@
(movie15)                @@ Package `movie15' is obsolete and @@
(movie15)                @@ superseded by `media9'.           @@
(movie15)                @@@@@@@@@@@@@@@@@@@@@@@@@@@@@@@@@@@@@@@.

[11] (c:/Users/Aurelio/Desktop/Aure/cnnfs/NumberRecognition/teoria/build/V2.aux
)
Package rerunfilecheck Info: File `V2.out' has not changed.
(rerunfilecheck)             Checksum: AA453365FE8C7E46E8E3F4C9E41EC755;6521.
)

Here is how much of LuaTeX's memory you used:
 12700 strings out of 477794
 100000,662416 words of node,token memory allocated
 837 words of node memory still in use:
   6 hlist, 2 vlist, 2 rule, 24 glue, 4 kern, 1 glyph, 44 attribute, 53 glue_spe
c, 44 attribute_list, 1 write, 7 pdf_action nodes
   avail lists: 2:648,3:355,4:52,5:280,6:47,7:6189,8:139,9:614,10:12,11:489
 32835 multiletter control sequences out of 65536+600000
 63 fonts using 4525527 bytes
 68i,10n,73p,884b,470s stack positions out of 5000i,500n,10000p,200000b,80000s
<//?/c:/users/aurelio/appdata/local/programs/miktex/fonts/opentype/public/lm/lmr
oman8-regular.otf><//?/c:/users/aurelio/appdata/local/programs/miktex/fonts/open
type/public/lm/lmroman10-bold.otf><//?/c:/users/aurelio/appdata/local/programs/m
iktex/fonts/opentype/public/lm/lmmono8-regular.otf><//?/c:/users/aurelio/appdata
/local/programs/miktex/fonts/opentype/public/lm/lmroman6-regular.otf><//?/c:/use
rs/aurelio/appdata/local/programs/miktex/fonts/opentype/public/lm/lmroman7-regul
ar.otf><//?/c:/users/aurelio/appdata/local/programs/miktex/fonts/opentype/public
/lm/lmmono10-regular.otf><//?/c:/users/aurelio/appdata/local/programs/miktex/fon
ts/opentype/public/lm/lmroman10-regular.otf><//?/c:/users/aurelio/appdata/local/
programs/miktex/fonts/opentype/public/lm/lmroman12-bold.otf><//?/c:/users/aureli
o/appdata/local/programs/miktex/fonts/opentype/public/lm/lmroman12-regular.otf><
//?/c:/users/aurelio/appdata/local/programs/miktex/fonts/opentype/public/lm/lmro
man17-regular.otf><C:/Users/Aurelio/AppData/Local/Programs/MiKTeX/fonts/type1/pu
blic/amsfonts/cm/cmex10.pfb><C:/Users/Aurelio/AppData/Local/Programs/MiKTeX/font
s/type1/public/amsfonts/cm/cmmi10.pfb><C:/Users/Aurelio/AppData/Local/Programs/M
iKTeX/fonts/type1/public/amsfonts/cm/cmmi7.pfb><C:/Users/Aurelio/AppData/Local/P
rograms/MiKTeX/fonts/type1/public/amsfonts/cm/cmr10.pfb><C:/Users/Aurelio/AppDat
a/Local/Programs/MiKTeX/fonts/type1/public/amsfonts/cm/cmr7.pfb><C:/Users/Aureli
o/AppData/Local/Programs/MiKTeX/fonts/type1/public/amsfonts/cm/cmsy10.pfb><C:/Us
ers/Aurelio/AppData/Local/Programs/MiKTeX/fonts/type1/public/amsfonts/symbols/ms
bm10.pfb>
Output written on V2.pdf (11 pages, 198491 bytes).

PDF statistics: 396 PDF objects out of 1000 (max. 8388607)
 70 named destinations out of 1000 (max. 131072)
 265 words of extra memory for PDF output out of 10000 (max. 100000000)

