\BOOKMARK [1][-]{section.1}{\376\377\000n\000o\000t\000a\000s}{}% 1
\BOOKMARK [1][-]{section.2}{\376\377\000R\000e\000d\000e\000s\000\040\000N\000e\000u\000r\000o\000n\000a\000l\000e\000s}{}% 2
\BOOKMARK [2][-]{subsection.2.1}{\376\377\000P\000e\000r\000c\000e\000p\000t\000r\000\363\000n}{section.2}% 3
\BOOKMARK [2][-]{subsection.2.2}{\376\377\000P\000e\000r\000c\000e\000p\000t\000r\000\363\000n\000\040\000m\000u\000l\000t\000i\000c\000a\000p\000a}{section.2}% 4
\BOOKMARK [1][-]{section.3}{\376\377\000R\000e\000d\000e\000s\000\040\000n\000e\000u\000r\000o\000n\000a\000l\000e\000s\000\040\000c\000o\000n\000v\000o\000l\000u\000c\000i\000o\000n\000a\000l\000e\000s}{}% 5
\BOOKMARK [2][-]{subsection.3.1}{\376\377\000C\000o\000n\000v\000o\000l\000u\000c\000i\000\363\000n}{section.3}% 6
\BOOKMARK [3][-]{subsubsection.3.1.1}{\376\377\000F\000i\000l\000t\000r\000o\000s}{subsection.3.1}% 7
\BOOKMARK [3][-]{subsubsection.3.1.2}{\376\377\000P\000a\000d\000d\000i\000n\000g}{subsection.3.1}% 8
\BOOKMARK [3][-]{subsubsection.3.1.3}{\376\377\000O\000p\000e\000r\000a\000c\000i\000\363\000n\000\040\000d\000e\000\040\000c\000o\000n\000v\000o\000l\000u\000c\000i\000\363\000n\000/\000c\000o\000r\000r\000e\000l\000a\000c\000i\000\363\000n}{subsection.3.1}% 9
\BOOKMARK [3][-]{subsubsection.3.1.4}{\376\377\000v\000i\000s\000u\000a\000l\000i\000z\000a\000c\000i\000\363\000n\000\040\000d\000e\000\040\000l\000a\000\040\000o\000p\000e\000r\000a\000c\000i\000\363\000n\000\040\000d\000e\000\040\000c\000o\000n\000v\000o\000l\000u\000c\000i\000\363\000n}{subsection.3.1}% 10
\BOOKMARK [3][-]{subsubsection.3.1.5}{\376\377\000i\000n\000t\000e\000r\000p\000r\000e\000t\000a\000c\000i\000\363\000n\000\040\000d\000e\000\040\000l\000a\000\040\000c\000o\000n\000v\000o\000l\000u\000c\000i\000\363\000n}{subsection.3.1}% 11
\BOOKMARK [3][-]{subsubsection.3.1.6}{\376\377\000E\000s\000t\000r\000u\000c\000t\000u\000r\000a\000\040\000d\000e\000\040\000l\000a\000\040\000c\000a\000p\000a\000\040\000d\000e\000\040\000c\000o\000n\000v\000o\000l\000u\000c\000i\000\363\000n}{subsection.3.1}% 12
\BOOKMARK [2][-]{subsection.3.2}{\376\377\000I\000m\000p\000l\000e\000m\000e\000n\000t\000a\000c\000i\000\363\000n}{section.3}% 13
\BOOKMARK [1][-]{section.4}{\376\377\000e\000n\000l\000a\000c\000e\000s\000\040\000d\000e\000\040\000i\000n\000t\000e\000r\000e\000s}{}% 14
\BOOKMARK [2][-]{subsection.4.1}{\376\377\000M\000a\000x\000-\000P\000o\000o\000l\000i\000n\000g\000\040\000\050\000d\000e\000b\000e\000r\000i\000a\000\040\000s\000e\000r\000\040\000p\000o\000o\000l\000i\000g\000\040\000e\000n\000\040\000g\000e\000n\000e\000r\000a\000l\000\040\000p\000o\000r\000q\000u\000e\000\040\000t\000a\000m\000b\000i\000e\000n\000\040\000h\000a\000y\000\040\000a\000v\000e\000r\000a\000g\000e\000\040\000p\000o\000o\000l\000i\000n\000g\000\051}{section.4}% 15
\BOOKMARK [1][-]{section.5}{\376\377\000G\000e\000n\000e\000r\000a\000l\000i\000d\000a\000d\000e\000s\000\040\000s\000o\000b\000r\000e\000\040\000l\000a\000s\000\040\000i\000m\000\341\000g\000e\000n\000e\000s}{}% 16
\BOOKMARK [2][-]{subsection.5.1}{\376\377\000C\000a\000n\000a\000l\000e\000s\000\040\000d\000e\000\040\000l\000a\000s\000\040\000i\000m\000\341\000g\000e\000n\000e\000s}{section.5}% 17
\BOOKMARK [3][-]{subsubsection.5.1.1}{\376\377\000O\000r\000d\000e\000n\000\040\000d\000e\000\040\000l\000o\000s\000\040\000c\000a\000n\000a\000l\000e\000s\000\040\000d\000e\000\040\000l\000a\000s\000\040\000i\000m\000\341\000g\000e\000n\000e\000s}{subsection.5.1}% 18
\BOOKMARK [2][-]{subsection.5.2}{\376\377\000I\000n\000p\000u\000t\000\040\000d\000e\000\040\000l\000a\000s\000\040\000r\000e\000d\000e\000s\000\040\000n\000e\000u\000r\000o\000n\000a\000l\000e\000s}{section.5}% 19
\BOOKMARK [1][-]{section.6}{\376\377\000R\000e\000d\000e\000s\000\040\000c\000o\000n\000v\000o\000l\000u\000c\000i\000o\000n\000a\000l\000e\000s}{}% 20
\BOOKMARK [2][-]{subsection.6.1}{\376\377\000C\000a\000p\000a\000\040\000d\000e\000\040\000c\000o\000n\000v\000o\000l\000u\000c\000i\000\363\000n}{section.6}% 21
\BOOKMARK [3][-]{subsubsection.6.1.1}{\376\377\000F\000i\000l\000t\000r\000o\000s}{subsection.6.1}% 22
\BOOKMARK [3][-]{subsubsection.6.1.2}{\376\377\000p\000a\000d\000d\000i\000n\000g}{subsection.6.1}% 23
\BOOKMARK [3][-]{subsubsection.6.1.3}{\376\377\000d\000e\000f\000i\000n\000i\000c\000i\000o\000n\000\040\000f\000o\000r\000m\000a\000/\000f\000u\000n\000c\000i\000o\000n\000a\000m\000i\000e\000n\000t\000o\000\040\000d\000e\000\040\000l\000a\000\040\000o\000p\000e\000r\000a\000c\000i\000o\000n\000\040\000d\000e\000\040\000c\000o\000n\000v\000o\000l\000u\000c\000i\000\363\000n}{subsection.6.1}% 24
\BOOKMARK [3][-]{subsubsection.6.1.4}{\376\377\000v\000i\000s\000u\000a\000l\000i\000z\000a\000c\000i\000o\000n\000\040\000d\000e\000\040\000l\000a\000\040\000c\000o\000n\000v\000o\000l\000u\000c\000i\000\363\000n}{subsection.6.1}% 25
\BOOKMARK [3][-]{subsubsection.6.1.5}{\376\377\000i\000n\000t\000e\000r\000p\000r\000e\000t\000a\000c\000i\000o\000n\000\040\000d\000e\000\040\000l\000a\000\040\000c\000o\000n\000v\000o\000l\000u\000c\000i\000o\000n}{subsection.6.1}% 26
\BOOKMARK [3][-]{subsubsection.6.1.6}{\376\377\000E\000s\000t\000r\000u\000c\000t\000u\000r\000a\000\040\000d\000e\000\040\000l\000a\000\040\000c\000a\000p\000a\000\040\000d\000e\000\040\000c\000o\000n\000v\000o\000l\000u\000c\000i\000o\000n}{subsection.6.1}% 27
\BOOKMARK [2][-]{subsection.6.2}{\376\377\000C\000a\000p\000a\000\040\000d\000e\000\040\000p\000o\000o\000l\000i\000n\000g}{section.6}% 28
\BOOKMARK [2][-]{subsection.6.3}{\376\377\000E\000s\000t\000r\000u\000c\000t\000u\000r\000a\000\040\000c\000l\000\341\000s\000i\000c\000a\000\040\000d\000e\000\040\000u\000n\000a\000\040\000c\000n\000n}{section.6}% 29
\BOOKMARK [2][-]{subsection.6.4}{\376\377\000b\000a\000c\000k\000p\000r\000o\000p\000a\000g\000r\000a\000t\000i\000o\000n}{section.6}% 30
\BOOKMARK [2][-]{subsection.6.5}{\376\377\000r\000e\000p\000r\000e\000s\000e\000n\000t\000a\000c\000i\000o\000n\000\040\000g\000r\000a\000f\000i\000c\000a\000\040\000d\000e\000\040\000u\000n\000a\000\040\000c\000a\000p\000a\000\040\000c\000o\000n\000v\000o\000l\000u\000c\000i\000o\000n\000a\000l\000/\000r\000e\000d\000e\000s\000\040\000c\000o\000n\000v\000o\000l\000u\000c\000i\000o\000n\000a\000l\000e\000s}{section.6}% 31
\BOOKMARK [2][-]{subsection.6.6}{\376\377\000a\000r\000u\000i\000t\000e\000c\000t\000u\000r\000a\000s\000\040\000d\000e\000\040\000c\000n\000n\000s\000\040\000f\000a\000m\000o\000s\000a\000s}{section.6}% 32
\BOOKMARK [1][-]{section.7}{\376\377\000H\000i\000s\000t\000o\000r\000i\000a}{}% 33
